[0.546s] Invoking command in '/home/mkbardi/sem_ws/build/shell_simulation': PYTHONPATH=/home/mkbardi/sem_ws/build/shell_simulation/prefix_override:/usr/lib/python3/dist-packages/colcon_core/task/python/colcon_distutils_commands:/home/mkbardi/sem_ws/install/shell_simulation/lib/python3.10/site-packages:${PYTHONPATH} /usr/bin/python3 -W ignore:setup.py install is deprecated -W ignore:easy_install command is deprecated setup.py develop --editable --build-directory /home/mkbardi/sem_ws/build/shell_simulation/build --no-deps symlink_data
[0.792s] running develop
[0.956s] running egg_info
[0.956s] creating shell_simulation.egg-info
[0.956s] writing shell_simulation.egg-info/PKG-INFO
[0.956s] writing dependency_links to shell_simulation.egg-info/dependency_links.txt
[0.957s] writing entry points to shell_simulation.egg-info/entry_points.txt
[0.957s] writing requirements to shell_simulation.egg-info/requires.txt
[0.957s] writing top-level names to shell_simulation.egg-info/top_level.txt
[0.957s] writing manifest file 'shell_simulation.egg-info/SOURCES.txt'
[0.958s] reading manifest file 'shell_simulation.egg-info/SOURCES.txt'
[0.959s] writing manifest file 'shell_simulation.egg-info/SOURCES.txt'
[0.960s] running build_ext
[0.960s] Creating /home/mkbardi/sem_ws/install/shell_simulation/lib/python3.10/site-packages/shell-simulation.egg-link (link to .)
[0.961s] Installing control_node script to /home/mkbardi/sem_ws/install/shell_simulation/lib/shell_simulation
[0.961s] Installing perception_node script to /home/mkbardi/sem_ws/install/shell_simulation/lib/shell_simulation
[0.961s] Installing planning_node script to /home/mkbardi/sem_ws/install/shell_simulation/lib/shell_simulation
[0.961s] 
[0.961s] Installed /home/mkbardi/sem_ws/build/shell_simulation
[0.962s] running symlink_data
[0.962s] creating /home/mkbardi/sem_ws/install/shell_simulation/share/ament_index
[0.962s] creating /home/mkbardi/sem_ws/install/shell_simulation/share/ament_index/resource_index
[0.962s] creating /home/mkbardi/sem_ws/install/shell_simulation/share/ament_index/resource_index/packages
[0.962s] symbolically linking /home/mkbardi/sem_ws/build/shell_simulation/resource/shell_simulation -> /home/mkbardi/sem_ws/install/shell_simulation/share/ament_index/resource_index/packages
[0.962s] symbolically linking /home/mkbardi/sem_ws/build/shell_simulation/package.xml -> /home/mkbardi/sem_ws/install/shell_simulation/share/shell_simulation
[0.962s] creating /home/mkbardi/sem_ws/install/shell_simulation/share/shell_simulation/launch
[0.962s] symbolically linking /home/mkbardi/sem_ws/build/shell_simulation/launch/shell_simulation.launch.py -> /home/mkbardi/sem_ws/install/shell_simulation/share/shell_simulation/launch
[0.962s] creating /home/mkbardi/sem_ws/install/shell_simulation/share/shell_simulation/config
[0.962s] symbolically linking /home/mkbardi/sem_ws/build/shell_simulation/config/waypoints.yaml -> /home/mkbardi/sem_ws/install/shell_simulation/share/shell_simulation/config
[0.984s] Invoked command in '/home/mkbardi/sem_ws/build/shell_simulation' returned '0': PYTHONPATH=/home/mkbardi/sem_ws/build/shell_simulation/prefix_override:/usr/lib/python3/dist-packages/colcon_core/task/python/colcon_distutils_commands:/home/mkbardi/sem_ws/install/shell_simulation/lib/python3.10/site-packages:${PYTHONPATH} /usr/bin/python3 -W ignore:setup.py install is deprecated -W ignore:easy_install command is deprecated setup.py develop --editable --build-directory /home/mkbardi/sem_ws/build/shell_simulation/build --no-deps symlink_data
