running egg_info
writing ../../build/shell_simulation/shell_simulation.egg-info/PKG-INFO
writing dependency_links to ../../build/shell_simulation/shell_simulation.egg-info/dependency_links.txt
writing entry points to ../../build/shell_simulation/shell_simulation.egg-info/entry_points.txt
writing requirements to ../../build/shell_simulation/shell_simulation.egg-info/requires.txt
writing top-level names to ../../build/shell_simulation/shell_simulation.egg-info/top_level.txt
reading manifest file '../../build/shell_simulation/shell_simulation.egg-info/SOURCES.txt'
writing manifest file '../../build/shell_simulation/shell_simulation.egg-info/SOURCES.txt'
running build
running build_py
running install
running install_lib
running install_data
copying launch/shell_simulation.launch.py -> /home/mkbardi/sem_ws/install/shell_simulation/share/shell_simulation/launch
running install_egg_info
removing '/home/mkbardi/sem_ws/install/shell_simulation/lib/python3.10/site-packages/shell_simulation-0.0.0-py3.10.egg-info' (and everything under it)
Copying ../../build/shell_simulation/shell_simulation.egg-info to /home/mkbardi/sem_ws/install/shell_simulation/lib/python3.10/site-packages/shell_simulation-0.0.0-py3.10.egg-info
running install_scripts
Installing control_node script to /home/mkbardi/sem_ws/install/shell_simulation/lib/shell_simulation
Installing perception_node script to /home/mkbardi/sem_ws/install/shell_simulation/lib/shell_simulation
Installing planning_node script to /home/mkbardi/sem_ws/install/shell_simulation/lib/shell_simulation
writing list of installed files to '/home/mkbardi/sem_ws/build/shell_simulation/install.log'
