[0.603s] Invoking command in '/home/mkbardi/sem_ws/src/shell_simulation': PYTHONPATH=/home/mkbardi/sem_ws/build/shell_simulation/prefix_override:/usr/lib/python3/dist-packages/colcon_core/task/python/colcon_distutils_commands:/home/mkbardi/sem_ws/install/shell_simulation/lib/python3.10/site-packages:${PYTHONPATH} /usr/bin/python3 -W ignore:setup.py install is deprecated -W ignore:easy_install command is deprecated setup.py egg_info --egg-base ../../build/shell_simulation build --build-base /home/mkbardi/sem_ws/build/shell_simulation/build install --record /home/mkbardi/sem_ws/build/shell_simulation/install.log --single-version-externally-managed install_data
[0.825s] running egg_info
[0.826s] writing ../../build/shell_simulation/shell_simulation.egg-info/PKG-INFO
[0.826s] writing dependency_links to ../../build/shell_simulation/shell_simulation.egg-info/dependency_links.txt
[0.827s] writing entry points to ../../build/shell_simulation/shell_simulation.egg-info/entry_points.txt
[0.827s] writing requirements to ../../build/shell_simulation/shell_simulation.egg-info/requires.txt
[0.827s] writing top-level names to ../../build/shell_simulation/shell_simulation.egg-info/top_level.txt
[0.830s] reading manifest file '../../build/shell_simulation/shell_simulation.egg-info/SOURCES.txt'
[0.831s] writing manifest file '../../build/shell_simulation/shell_simulation.egg-info/SOURCES.txt'
[0.831s] running build
[0.831s] running build_py
[0.831s] running install
[0.831s] running install_lib
[0.832s] running install_data
[0.833s] copying launch/shell_simulation.launch.py -> /home/mkbardi/sem_ws/install/shell_simulation/share/shell_simulation/launch
[0.833s] running install_egg_info
[0.834s] removing '/home/mkbardi/sem_ws/install/shell_simulation/lib/python3.10/site-packages/shell_simulation-0.0.0-py3.10.egg-info' (and everything under it)
[0.835s] Copying ../../build/shell_simulation/shell_simulation.egg-info to /home/mkbardi/sem_ws/install/shell_simulation/lib/python3.10/site-packages/shell_simulation-0.0.0-py3.10.egg-info
[0.836s] running install_scripts
[0.855s] Installing control_node script to /home/mkbardi/sem_ws/install/shell_simulation/lib/shell_simulation
[0.855s] Installing perception_node script to /home/mkbardi/sem_ws/install/shell_simulation/lib/shell_simulation
[0.855s] Installing planning_node script to /home/mkbardi/sem_ws/install/shell_simulation/lib/shell_simulation
[0.855s] writing list of installed files to '/home/mkbardi/sem_ws/build/shell_simulation/install.log'
[0.876s] Invoked command in '/home/mkbardi/sem_ws/src/shell_simulation' returned '0': PYTHONPATH=/home/mkbardi/sem_ws/build/shell_simulation/prefix_override:/usr/lib/python3/dist-packages/colcon_core/task/python/colcon_distutils_commands:/home/mkbardi/sem_ws/install/shell_simulation/lib/python3.10/site-packages:${PYTHONPATH} /usr/bin/python3 -W ignore:setup.py install is deprecated -W ignore:easy_install command is deprecated setup.py egg_info --egg-base ../../build/shell_simulation build --build-base /home/mkbardi/sem_ws/build/shell_simulation/build install --record /home/mkbardi/sem_ws/build/shell_simulation/install.log --single-version-externally-managed install_data
