[0.121s] DEBUG:colcon:Command line arguments: ['/usr/bin/colcon', 'build', '--symlink-install']
[0.121s] DEBUG:colcon:Parsed command line arguments: Namespace(log_base=None, log_level=None, verb_name='build', build_base='build', install_base='install', merge_install=False, symlink_install=True, test_result_base=None, continue_on_error=False, executor='parallel', parallel_workers=8, event_handlers=None, ignore_user_meta=False, metas=['./colcon.meta'], base_paths=['.'], packages_ignore=None, packages_ignore_regex=None, paths=None, packages_up_to=None, packages_up_to_regex=None, packages_above=None, packages_above_and_dependencies=None, packages_above_depth=None, packages_select_by_dep=None, packages_skip_by_dep=None, packages_skip_up_to=None, packages_select_build_failed=False, packages_skip_build_finished=False, packages_select_test_failures=False, packages_skip_test_passed=False, packages_select=None, packages_skip=None, packages_select_regex=None, packages_skip_regex=None, packages_start=None, packages_end=None, allow_overriding=[], cmake_args=None, cmake_target=None, cmake_target_skip_unavailable=False, cmake_clean_cache=False, cmake_clean_first=False, cmake_force_configure=False, ament_cmake_args=None, catkin_cmake_args=None, catkin_skip_building_tests=False, mixin_files=None, mixin=None, verb_parser=<colcon_mixin.mixin.mixin_argument.MixinArgumentDecorator object at 0x7913dae4a0b0>, verb_extension=<colcon_core.verb.build.BuildVerb object at 0x7913dafcbb20>, main=<bound method BuildVerb.main of <colcon_core.verb.build.BuildVerb object at 0x7913dafcbb20>>, mixin_verb=('build',))
[0.284s] Level 1:colcon.colcon_core.package_discovery:discover_packages(colcon_meta) check parameters
[0.284s] Level 1:colcon.colcon_core.package_discovery:discover_packages(recursive) check parameters
[0.284s] Level 1:colcon.colcon_core.package_discovery:discover_packages(ignore) check parameters
[0.284s] Level 1:colcon.colcon_core.package_discovery:discover_packages(path) check parameters
[0.285s] Level 1:colcon.colcon_core.package_discovery:discover_packages(colcon_meta) discover
[0.285s] Level 1:colcon.colcon_core.package_discovery:discover_packages(recursive) discover
[0.285s] INFO:colcon.colcon_core.package_discovery:Crawling recursively for packages in '/home/mkbardi/sem_ws'
[0.285s] Level 1:colcon.colcon_core.package_identification:_identify(.) by extensions ['ignore', 'ignore_ament_install']
[0.285s] Level 1:colcon.colcon_core.package_identification:_identify(.) by extension 'ignore'
[0.285s] Level 1:colcon.colcon_core.package_identification:_identify(.) by extension 'ignore_ament_install'
[0.285s] Level 1:colcon.colcon_core.package_identification:_identify(.) by extensions ['colcon_pkg']
[0.285s] Level 1:colcon.colcon_core.package_identification:_identify(.) by extension 'colcon_pkg'
[0.285s] Level 1:colcon.colcon_core.package_identification:_identify(.) by extensions ['colcon_meta']
[0.285s] Level 1:colcon.colcon_core.package_identification:_identify(.) by extension 'colcon_meta'
[0.285s] Level 1:colcon.colcon_core.package_identification:_identify(.) by extensions ['ros']
[0.285s] Level 1:colcon.colcon_core.package_identification:_identify(.) by extension 'ros'
[0.294s] Level 1:colcon.colcon_core.package_identification:_identify(.) by extensions ['cmake', 'python']
[0.294s] Level 1:colcon.colcon_core.package_identification:_identify(.) by extension 'cmake'
[0.294s] Level 1:colcon.colcon_core.package_identification:_identify(.) by extension 'python'
[0.295s] Level 1:colcon.colcon_core.package_identification:_identify(.) by extensions ['python_setup_py']
[0.295s] Level 1:colcon.colcon_core.package_identification:_identify(.) by extension 'python_setup_py'
[0.295s] Level 1:colcon.colcon_core.package_identification:_identify(build) by extensions ['ignore', 'ignore_ament_install']
[0.295s] Level 1:colcon.colcon_core.package_identification:_identify(build) by extension 'ignore'
[0.295s] Level 1:colcon.colcon_core.package_identification:_identify(build) ignored
[0.295s] Level 1:colcon.colcon_core.package_identification:_identify(install) by extensions ['ignore', 'ignore_ament_install']
[0.295s] Level 1:colcon.colcon_core.package_identification:_identify(install) by extension 'ignore'
[0.295s] Level 1:colcon.colcon_core.package_identification:_identify(install) ignored
[0.295s] Level 1:colcon.colcon_core.package_identification:_identify(log) by extensions ['ignore', 'ignore_ament_install']
[0.295s] Level 1:colcon.colcon_core.package_identification:_identify(log) by extension 'ignore'
[0.295s] Level 1:colcon.colcon_core.package_identification:_identify(log) ignored
[0.295s] Level 1:colcon.colcon_core.package_identification:_identify(src) by extensions ['ignore', 'ignore_ament_install']
[0.295s] Level 1:colcon.colcon_core.package_identification:_identify(src) by extension 'ignore'
[0.295s] Level 1:colcon.colcon_core.package_identification:_identify(src) by extension 'ignore_ament_install'
[0.295s] Level 1:colcon.colcon_core.package_identification:_identify(src) by extensions ['colcon_pkg']
[0.295s] Level 1:colcon.colcon_core.package_identification:_identify(src) by extension 'colcon_pkg'
[0.295s] Level 1:colcon.colcon_core.package_identification:_identify(src) by extensions ['colcon_meta']
[0.296s] Level 1:colcon.colcon_core.package_identification:_identify(src) by extension 'colcon_meta'
[0.296s] Level 1:colcon.colcon_core.package_identification:_identify(src) by extensions ['ros']
[0.296s] Level 1:colcon.colcon_core.package_identification:_identify(src) by extension 'ros'
[0.296s] Level 1:colcon.colcon_core.package_identification:_identify(src) by extensions ['cmake', 'python']
[0.296s] Level 1:colcon.colcon_core.package_identification:_identify(src) by extension 'cmake'
[0.296s] Level 1:colcon.colcon_core.package_identification:_identify(src) by extension 'python'
[0.296s] Level 1:colcon.colcon_core.package_identification:_identify(src) by extensions ['python_setup_py']
[0.296s] Level 1:colcon.colcon_core.package_identification:_identify(src) by extension 'python_setup_py'
[0.296s] Level 1:colcon.colcon_core.package_identification:_identify(src/shell_simulation) by extensions ['ignore', 'ignore_ament_install']
[0.296s] Level 1:colcon.colcon_core.package_identification:_identify(src/shell_simulation) by extension 'ignore'
[0.296s] Level 1:colcon.colcon_core.package_identification:_identify(src/shell_simulation) by extension 'ignore_ament_install'
[0.296s] Level 1:colcon.colcon_core.package_identification:_identify(src/shell_simulation) by extensions ['colcon_pkg']
[0.296s] Level 1:colcon.colcon_core.package_identification:_identify(src/shell_simulation) by extension 'colcon_pkg'
[0.296s] Level 1:colcon.colcon_core.package_identification:_identify(src/shell_simulation) by extensions ['colcon_meta']
[0.296s] Level 1:colcon.colcon_core.package_identification:_identify(src/shell_simulation) by extension 'colcon_meta'
[0.296s] Level 1:colcon.colcon_core.package_identification:_identify(src/shell_simulation) by extensions ['ros']
[0.296s] Level 1:colcon.colcon_core.package_identification:_identify(src/shell_simulation) by extension 'ros'
[0.298s] DEBUG:colcon.colcon_core.package_identification:Package 'src/shell_simulation' with type 'ros.ament_python' and name 'shell_simulation'
[0.298s] Level 1:colcon.colcon_core.package_discovery:discover_packages(recursive) using defaults
[0.299s] Level 1:colcon.colcon_core.package_discovery:discover_packages(ignore) discover
[0.299s] Level 1:colcon.colcon_core.package_discovery:discover_packages(ignore) using defaults
[0.299s] Level 1:colcon.colcon_core.package_discovery:discover_packages(path) discover
[0.299s] Level 1:colcon.colcon_core.package_discovery:discover_packages(path) using defaults
[0.326s] Level 1:colcon.colcon_core.package_discovery:discover_packages(prefix_path) check parameters
[0.326s] Level 1:colcon.colcon_core.package_discovery:discover_packages(prefix_path) discover
[0.329s] DEBUG:colcon.colcon_installed_package_information.package_discovery:Found 274 installed packages in /opt/ros/humble
[0.331s] Level 1:colcon.colcon_core.package_discovery:discover_packages(prefix_path) using defaults
[0.365s] Level 5:colcon.colcon_core.verb:set package 'shell_simulation' build argument 'cmake_args' from command line to 'None'
[0.365s] Level 5:colcon.colcon_core.verb:set package 'shell_simulation' build argument 'cmake_target' from command line to 'None'
[0.365s] Level 5:colcon.colcon_core.verb:set package 'shell_simulation' build argument 'cmake_target_skip_unavailable' from command line to 'False'
[0.365s] Level 5:colcon.colcon_core.verb:set package 'shell_simulation' build argument 'cmake_clean_cache' from command line to 'False'
[0.365s] Level 5:colcon.colcon_core.verb:set package 'shell_simulation' build argument 'cmake_clean_first' from command line to 'False'
[0.365s] Level 5:colcon.colcon_core.verb:set package 'shell_simulation' build argument 'cmake_force_configure' from command line to 'False'
[0.365s] Level 5:colcon.colcon_core.verb:set package 'shell_simulation' build argument 'ament_cmake_args' from command line to 'None'
[0.365s] Level 5:colcon.colcon_core.verb:set package 'shell_simulation' build argument 'catkin_cmake_args' from command line to 'None'
[0.365s] Level 5:colcon.colcon_core.verb:set package 'shell_simulation' build argument 'catkin_skip_building_tests' from command line to 'False'
[0.365s] DEBUG:colcon.colcon_core.verb:Building package 'shell_simulation' with the following arguments: {'ament_cmake_args': None, 'build_base': '/home/mkbardi/sem_ws/build/shell_simulation', 'catkin_cmake_args': None, 'catkin_skip_building_tests': False, 'cmake_args': None, 'cmake_clean_cache': False, 'cmake_clean_first': False, 'cmake_force_configure': False, 'cmake_target': None, 'cmake_target_skip_unavailable': False, 'install_base': '/home/mkbardi/sem_ws/install/shell_simulation', 'merge_install': False, 'path': '/home/mkbardi/sem_ws/src/shell_simulation', 'symlink_install': True, 'test_result_base': None}
[0.366s] INFO:colcon.colcon_core.executor:Executing jobs using 'parallel' executor
[0.366s] DEBUG:colcon.colcon_parallel_executor.executor.parallel:run_until_complete
[0.366s] INFO:colcon.colcon_ros.task.ament_python.build:Building ROS package in '/home/mkbardi/sem_ws/src/shell_simulation' with build type 'ament_python'
[0.367s] Level 1:colcon.colcon_core.shell:create_environment_hook('shell_simulation', 'ament_prefix_path')
[0.369s] INFO:colcon.colcon_core.plugin_system:Skipping extension 'colcon_core.shell.bat': Not used on non-Windows systems
[0.370s] INFO:colcon.colcon_core.shell:Creating environment hook '/home/mkbardi/sem_ws/install/shell_simulation/share/shell_simulation/hook/ament_prefix_path.ps1'
[0.370s] INFO:colcon.colcon_core.shell:Creating environment descriptor '/home/mkbardi/sem_ws/install/shell_simulation/share/shell_simulation/hook/ament_prefix_path.dsv'
[0.371s] INFO:colcon.colcon_core.shell:Creating environment hook '/home/mkbardi/sem_ws/install/shell_simulation/share/shell_simulation/hook/ament_prefix_path.sh'
[0.371s] INFO:colcon.colcon_core.shell:Skip shell extension 'powershell' for command environment: Not usable outside of PowerShell
[0.371s] DEBUG:colcon.colcon_core.shell:Skip shell extension 'dsv' for command environment
[0.625s] INFO:colcon.colcon_core.task.python.build:Building Python package in '/home/mkbardi/sem_ws/src/shell_simulation'
[0.625s] INFO:colcon.colcon_core.shell:Skip shell extension 'powershell' for command environment: Not usable outside of PowerShell
[0.625s] DEBUG:colcon.colcon_core.shell:Skip shell extension 'dsv' for command environment
[0.979s] DEBUG:colcon.colcon_core.event_handler.log_command:Invoking command in '/home/mkbardi/sem_ws/build/shell_simulation': PYTHONPATH=/home/mkbardi/sem_ws/build/shell_simulation/prefix_override:/usr/lib/python3/dist-packages/colcon_core/task/python/colcon_distutils_commands:/home/mkbardi/sem_ws/install/shell_simulation/lib/python3.10/site-packages:${PYTHONPATH} /usr/bin/python3 -W ignore:setup.py install is deprecated -W ignore:easy_install command is deprecated setup.py develop --editable --build-directory /home/mkbardi/sem_ws/build/shell_simulation/build --no-deps symlink_data
[1.429s] Level 1:colcon.colcon_core.shell:create_environment_hook('shell_simulation', 'pythonpath_develop')
[1.430s] INFO:colcon.colcon_core.shell:Creating environment hook '/home/mkbardi/sem_ws/build/shell_simulation/share/shell_simulation/hook/pythonpath_develop.ps1'
[1.431s] DEBUG:colcon.colcon_core.event_handler.log_command:Invoked command in '/home/mkbardi/sem_ws/build/shell_simulation' returned '0': PYTHONPATH=/home/mkbardi/sem_ws/build/shell_simulation/prefix_override:/usr/lib/python3/dist-packages/colcon_core/task/python/colcon_distutils_commands:/home/mkbardi/sem_ws/install/shell_simulation/lib/python3.10/site-packages:${PYTHONPATH} /usr/bin/python3 -W ignore:setup.py install is deprecated -W ignore:easy_install command is deprecated setup.py develop --editable --build-directory /home/mkbardi/sem_ws/build/shell_simulation/build --no-deps symlink_data
[1.431s] INFO:colcon.colcon_core.shell:Creating environment descriptor '/home/mkbardi/sem_ws/build/shell_simulation/share/shell_simulation/hook/pythonpath_develop.dsv'
[1.431s] INFO:colcon.colcon_core.shell:Creating environment hook '/home/mkbardi/sem_ws/build/shell_simulation/share/shell_simulation/hook/pythonpath_develop.sh'
[1.435s] Level 1:colcon.colcon_core.environment:checking '/home/mkbardi/sem_ws/install/shell_simulation' for CMake module files
[1.436s] Level 1:colcon.colcon_core.environment:checking '/home/mkbardi/sem_ws/install/shell_simulation' for CMake config files
[1.436s] Level 1:colcon.colcon_core.environment:checking '/home/mkbardi/sem_ws/install/shell_simulation/lib'
[1.436s] Level 1:colcon.colcon_core.environment:checking '/home/mkbardi/sem_ws/install/shell_simulation/bin'
[1.436s] Level 1:colcon.colcon_core.environment:checking '/home/mkbardi/sem_ws/install/shell_simulation/lib/pkgconfig/shell_simulation.pc'
[1.437s] Level 1:colcon.colcon_core.environment:checking '/home/mkbardi/sem_ws/install/shell_simulation/lib/python3.10/site-packages'
[1.437s] Level 1:colcon.colcon_core.shell:create_environment_hook('shell_simulation', 'pythonpath')
[1.437s] INFO:colcon.colcon_core.shell:Creating environment hook '/home/mkbardi/sem_ws/install/shell_simulation/share/shell_simulation/hook/pythonpath.ps1'
[1.437s] INFO:colcon.colcon_core.shell:Creating environment descriptor '/home/mkbardi/sem_ws/install/shell_simulation/share/shell_simulation/hook/pythonpath.dsv'
[1.437s] INFO:colcon.colcon_core.shell:Creating environment hook '/home/mkbardi/sem_ws/install/shell_simulation/share/shell_simulation/hook/pythonpath.sh'
[1.438s] Level 1:colcon.colcon_core.environment:checking '/home/mkbardi/sem_ws/install/shell_simulation/bin'
[1.438s] Level 1:colcon.colcon_core.environment:create_environment_scripts_only(shell_simulation)
[1.438s] INFO:colcon.colcon_core.shell:Creating package script '/home/mkbardi/sem_ws/install/shell_simulation/share/shell_simulation/package.ps1'
[1.439s] INFO:colcon.colcon_core.shell:Creating package descriptor '/home/mkbardi/sem_ws/install/shell_simulation/share/shell_simulation/package.dsv'
[1.440s] INFO:colcon.colcon_core.shell:Creating package script '/home/mkbardi/sem_ws/install/shell_simulation/share/shell_simulation/package.sh'
[1.440s] INFO:colcon.colcon_core.shell:Creating package script '/home/mkbardi/sem_ws/install/shell_simulation/share/shell_simulation/package.bash'
[1.441s] INFO:colcon.colcon_core.shell:Creating package script '/home/mkbardi/sem_ws/install/shell_simulation/share/shell_simulation/package.zsh'
[1.442s] Level 1:colcon.colcon_core.environment:create_file_with_runtime_dependencies(/home/mkbardi/sem_ws/install/shell_simulation/share/colcon-core/packages/shell_simulation)
[1.442s] DEBUG:colcon.colcon_parallel_executor.executor.parallel:closing loop
[1.442s] DEBUG:colcon.colcon_parallel_executor.executor.parallel:loop closed
[1.443s] DEBUG:colcon.colcon_parallel_executor.executor.parallel:run_until_complete finished with '0'
[1.443s] DEBUG:colcon.colcon_core.event_reactor:joining thread
[1.449s] INFO:colcon.colcon_core.plugin_system:Skipping extension 'colcon_notification.desktop_notification.notify_send': Could not find 'notify-send'
[1.449s] INFO:colcon.colcon_core.plugin_system:Skipping extension 'colcon_notification.desktop_notification.terminal_notifier': Not used on non-Darwin systems
[1.450s] INFO:colcon.colcon_core.plugin_system:Skipping extension 'colcon_notification.desktop_notification.win32': Not used on non-Windows systems
[1.450s] INFO:colcon.colcon_notification.desktop_notification:Sending desktop notification using 'notify2'
[1.464s] DEBUG:colcon.colcon_core.event_reactor:joined thread
[1.464s] INFO:colcon.colcon_core.shell:Creating prefix script '/home/mkbardi/sem_ws/install/local_setup.ps1'
[1.466s] INFO:colcon.colcon_core.shell:Creating prefix util module '/home/mkbardi/sem_ws/install/_local_setup_util_ps1.py'
[1.468s] INFO:colcon.colcon_core.shell:Creating prefix chain script '/home/mkbardi/sem_ws/install/setup.ps1'
[1.470s] INFO:colcon.colcon_core.shell:Creating prefix script '/home/mkbardi/sem_ws/install/local_setup.sh'
[1.471s] INFO:colcon.colcon_core.shell:Creating prefix util module '/home/mkbardi/sem_ws/install/_local_setup_util_sh.py'
[1.471s] INFO:colcon.colcon_core.shell:Creating prefix chain script '/home/mkbardi/sem_ws/install/setup.sh'
[1.473s] INFO:colcon.colcon_core.shell:Creating prefix script '/home/mkbardi/sem_ws/install/local_setup.bash'
[1.473s] INFO:colcon.colcon_core.shell:Creating prefix chain script '/home/mkbardi/sem_ws/install/setup.bash'
[1.474s] INFO:colcon.colcon_core.shell:Creating prefix script '/home/mkbardi/sem_ws/install/local_setup.zsh'
[1.475s] INFO:colcon.colcon_core.shell:Creating prefix chain script '/home/mkbardi/sem_ws/install/setup.zsh'
