running develop
Removing /home/mkbardi/sem_ws/install/shell_simulation/lib/python3.10/site-packages/shell-simulation.egg-link (link to .)
running egg_info
writing ../../build/shell_simulation/shell_simulation.egg-info/PKG-INFO
writing dependency_links to ../../build/shell_simulation/shell_simulation.egg-info/dependency_links.txt
writing entry points to ../../build/shell_simulation/shell_simulation.egg-info/entry_points.txt
writing requirements to ../../build/shell_simulation/shell_simulation.egg-info/requires.txt
writing top-level names to ../../build/shell_simulation/shell_simulation.egg-info/top_level.txt
reading manifest file '../../build/shell_simulation/shell_simulation.egg-info/SOURCES.txt'
writing manifest file '../../build/shell_simulation/shell_simulation.egg-info/SOURCES.txt'
running build
running build_py
creating /home/mkbardi/sem_ws/build/shell_simulation/build
creating /home/mkbardi/sem_ws/build/shell_simulation/build/lib
creating /home/mkbardi/sem_ws/build/shell_simulation/build/lib/shell_simulation
copying shell_simulation/perception_node.py -> /home/mkbardi/sem_ws/build/shell_simulation/build/lib/shell_simulation
copying shell_simulation/planning_node.py -> /home/mkbardi/sem_ws/build/shell_simulation/build/lib/shell_simulation
copying shell_simulation/control_node.py -> /home/mkbardi/sem_ws/build/shell_simulation/build/lib/shell_simulation
copying shell_simulation/__init__.py -> /home/mkbardi/sem_ws/build/shell_simulation/build/lib/shell_simulation
running install
running install_lib
creating /home/mkbardi/sem_ws/install/shell_simulation/lib/python3.10/site-packages/shell_simulation
copying /home/mkbardi/sem_ws/build/shell_simulation/build/lib/shell_simulation/perception_node.py -> /home/mkbardi/sem_ws/install/shell_simulation/lib/python3.10/site-packages/shell_simulation
copying /home/mkbardi/sem_ws/build/shell_simulation/build/lib/shell_simulation/planning_node.py -> /home/mkbardi/sem_ws/install/shell_simulation/lib/python3.10/site-packages/shell_simulation
copying /home/mkbardi/sem_ws/build/shell_simulation/build/lib/shell_simulation/control_node.py -> /home/mkbardi/sem_ws/install/shell_simulation/lib/python3.10/site-packages/shell_simulation
copying /home/mkbardi/sem_ws/build/shell_simulation/build/lib/shell_simulation/__init__.py -> /home/mkbardi/sem_ws/install/shell_simulation/lib/python3.10/site-packages/shell_simulation
byte-compiling /home/mkbardi/sem_ws/install/shell_simulation/lib/python3.10/site-packages/shell_simulation/perception_node.py to perception_node.cpython-310.pyc
byte-compiling /home/mkbardi/sem_ws/install/shell_simulation/lib/python3.10/site-packages/shell_simulation/planning_node.py to planning_node.cpython-310.pyc
byte-compiling /home/mkbardi/sem_ws/install/shell_simulation/lib/python3.10/site-packages/shell_simulation/control_node.py to control_node.cpython-310.pyc
byte-compiling /home/mkbardi/sem_ws/install/shell_simulation/lib/python3.10/site-packages/shell_simulation/__init__.py to __init__.cpython-310.pyc
running install_data
copying resource/shell_simulation -> /home/mkbardi/sem_ws/install/shell_simulation/share/ament_index/resource_index/packages
copying package.xml -> /home/mkbardi/sem_ws/install/shell_simulation/share/shell_simulation
copying launch/shell_simulation.launch.py -> /home/mkbardi/sem_ws/install/shell_simulation/share/shell_simulation/launch
copying config/waypoints.yaml -> /home/mkbardi/sem_ws/install/shell_simulation/share/shell_simulation/config
running install_egg_info
Copying ../../build/shell_simulation/shell_simulation.egg-info to /home/mkbardi/sem_ws/install/shell_simulation/lib/python3.10/site-packages/shell_simulation-0.0.0-py3.10.egg-info
running install_scripts
Installing control_node script to /home/mkbardi/sem_ws/install/shell_simulation/lib/shell_simulation
Installing perception_node script to /home/mkbardi/sem_ws/install/shell_simulation/lib/shell_simulation
Installing planning_node script to /home/mkbardi/sem_ws/install/shell_simulation/lib/shell_simulation
writing list of installed files to '/home/mkbardi/sem_ws/build/shell_simulation/install.log'
