[0.611s] Invoking command in '/home/mkbardi/sem_ws/build/shell_simulation': PYTHONPATH=/home/mkbardi/sem_ws/build/shell_simulation/prefix_override:/usr/lib/python3/dist-packages/colcon_core/task/python/colcon_distutils_commands:/home/mkbardi/sem_ws/install/shell_simulation/lib/python3.10/site-packages:${PYTHONPATH} /usr/bin/python3 -W ignore:setup.py install is deprecated -W ignore:easy_install command is deprecated setup.py develop --editable --build-directory /home/mkbardi/sem_ws/build/shell_simulation/build --no-deps symlink_data
[0.872s] running develop
[1.030s] running egg_info
[1.030s] creating shell_simulation.egg-info
[1.031s] writing shell_simulation.egg-info/PKG-INFO
[1.031s] writing dependency_links to shell_simulation.egg-info/dependency_links.txt
[1.031s] writing entry points to shell_simulation.egg-info/entry_points.txt
[1.031s] writing requirements to shell_simulation.egg-info/requires.txt
[1.031s] writing top-level names to shell_simulation.egg-info/top_level.txt
[1.031s] writing manifest file 'shell_simulation.egg-info/SOURCES.txt'
[1.034s] reading manifest file 'shell_simulation.egg-info/SOURCES.txt'
[1.035s] writing manifest file 'shell_simulation.egg-info/SOURCES.txt'
[1.037s] running build_ext
[1.037s] Creating /home/mkbardi/sem_ws/install/shell_simulation/lib/python3.10/site-packages/shell-simulation.egg-link (link to .)
[1.037s] Installing control_node script to /home/mkbardi/sem_ws/install/shell_simulation/lib/shell_simulation
[1.038s] Installing perception_node script to /home/mkbardi/sem_ws/install/shell_simulation/lib/shell_simulation
[1.038s] Installing planning_node script to /home/mkbardi/sem_ws/install/shell_simulation/lib/shell_simulation
[1.038s] 
[1.038s] Installed /home/mkbardi/sem_ws/build/shell_simulation
[1.038s] running symlink_data
[1.038s] creating /home/mkbardi/sem_ws/install/shell_simulation/share/ament_index
[1.038s] creating /home/mkbardi/sem_ws/install/shell_simulation/share/ament_index/resource_index
[1.038s] creating /home/mkbardi/sem_ws/install/shell_simulation/share/ament_index/resource_index/packages
[1.038s] symbolically linking /home/mkbardi/sem_ws/build/shell_simulation/resource/shell_simulation -> /home/mkbardi/sem_ws/install/shell_simulation/share/ament_index/resource_index/packages
[1.038s] symbolically linking /home/mkbardi/sem_ws/build/shell_simulation/package.xml -> /home/mkbardi/sem_ws/install/shell_simulation/share/shell_simulation
[1.038s] creating /home/mkbardi/sem_ws/install/shell_simulation/share/shell_simulation/launch
[1.039s] symbolically linking /home/mkbardi/sem_ws/build/shell_simulation/launch/shell_simulation.launch.py -> /home/mkbardi/sem_ws/install/shell_simulation/share/shell_simulation/launch
[1.039s] creating /home/mkbardi/sem_ws/install/shell_simulation/share/shell_simulation/config
[1.039s] symbolically linking /home/mkbardi/sem_ws/build/shell_simulation/config/waypoints.yaml -> /home/mkbardi/sem_ws/install/shell_simulation/share/shell_simulation/config
[1.063s] Invoked command in '/home/mkbardi/sem_ws/build/shell_simulation' returned '0': PYTHONPATH=/home/mkbardi/sem_ws/build/shell_simulation/prefix_override:/usr/lib/python3/dist-packages/colcon_core/task/python/colcon_distutils_commands:/home/mkbardi/sem_ws/install/shell_simulation/lib/python3.10/site-packages:${PYTHONPATH} /usr/bin/python3 -W ignore:setup.py install is deprecated -W ignore:easy_install command is deprecated setup.py develop --editable --build-directory /home/mkbardi/sem_ws/build/shell_simulation/build --no-deps symlink_data
