running egg_info
writing ../../build/shell_simulation/shell_simulation.egg-info/PKG-INFO
writing dependency_links to ../../build/shell_simulation/shell_simulation.egg-info/dependency_links.txt
writing entry points to ../../build/shell_simulation/shell_simulation.egg-info/entry_points.txt
writing requirements to ../../build/shell_simulation/shell_simulation.egg-info/requires.txt
writing top-level names to ../../build/shell_simulation/shell_simulation.egg-info/top_level.txt
reading manifest file '../../build/shell_simulation/shell_simulation.egg-info/SOURCES.txt'
writing manifest file '../../build/shell_simulation/shell_simulation.egg-info/SOURCES.txt'
running build
running build_py
copying shell_simulation/planning_node.py -> /home/mkbardi/sem_ws/build/shell_simulation/build/lib/shell_simulation
running install
running install_lib
copying /home/mkbardi/sem_ws/build/shell_simulation/build/lib/shell_simulation/planning_node.py -> /home/mkbardi/sem_ws/install/shell_simulation/lib/python3.10/site-packages/shell_simulation
byte-compiling /home/mkbardi/sem_ws/install/shell_simulation/lib/python3.10/site-packages/shell_simulation/planning_node.py to planning_node.cpython-310.pyc
running install_data
running install_egg_info
removing '/home/mkbardi/sem_ws/install/shell_simulation/lib/python3.10/site-packages/shell_simulation-0.0.0-py3.10.egg-info' (and everything under it)
Copying ../../build/shell_simulation/shell_simulation.egg-info to /home/mkbardi/sem_ws/install/shell_simulation/lib/python3.10/site-packages/shell_simulation-0.0.0-py3.10.egg-info
running install_scripts
Installing control_node script to /home/mkbardi/sem_ws/install/shell_simulation/lib/shell_simulation
Installing perception_node script to /home/mkbardi/sem_ws/install/shell_simulation/lib/shell_simulation
Installing planning_node script to /home/mkbardi/sem_ws/install/shell_simulation/lib/shell_simulation
writing list of installed files to '/home/mkbardi/sem_ws/build/shell_simulation/install.log'
