/home/mkbardi/sem_ws/install/shell_simulation/lib/python3.10/site-packages/shell_simulation/perception_node.py
/home/mkbardi/sem_ws/install/shell_simulation/lib/python3.10/site-packages/shell_simulation/planning_node.py
/home/mkbardi/sem_ws/install/shell_simulation/lib/python3.10/site-packages/shell_simulation/control_node.py
/home/mkbardi/sem_ws/install/shell_simulation/lib/python3.10/site-packages/shell_simulation/__init__.py
/home/mkbardi/sem_ws/install/shell_simulation/lib/python3.10/site-packages/shell_simulation/__pycache__/perception_node.cpython-310.pyc
/home/mkbardi/sem_ws/install/shell_simulation/lib/python3.10/site-packages/shell_simulation/__pycache__/planning_node.cpython-310.pyc
/home/mkbardi/sem_ws/install/shell_simulation/lib/python3.10/site-packages/shell_simulation/__pycache__/control_node.cpython-310.pyc
/home/mkbardi/sem_ws/install/shell_simulation/lib/python3.10/site-packages/shell_simulation/__pycache__/__init__.cpython-310.pyc
/home/mkbardi/sem_ws/install/shell_simulation/share/ament_index/resource_index/packages/shell_simulation
/home/mkbardi/sem_ws/install/shell_simulation/share/shell_simulation/package.xml
/home/mkbardi/sem_ws/install/shell_simulation/share/shell_simulation/launch/shell_simulation.launch.py
/home/mkbardi/sem_ws/install/shell_simulation/share/shell_simulation/config/waypoints.yaml
/home/mkbardi/sem_ws/install/shell_simulation/lib/python3.10/site-packages/shell_simulation-0.0.0-py3.10.egg-info/top_level.txt
/home/mkbardi/sem_ws/install/shell_simulation/lib/python3.10/site-packages/shell_simulation-0.0.0-py3.10.egg-info/requires.txt
/home/mkbardi/sem_ws/install/shell_simulation/lib/python3.10/site-packages/shell_simulation-0.0.0-py3.10.egg-info/entry_points.txt
/home/mkbardi/sem_ws/install/shell_simulation/lib/python3.10/site-packages/shell_simulation-0.0.0-py3.10.egg-info/zip-safe
/home/mkbardi/sem_ws/install/shell_simulation/lib/python3.10/site-packages/shell_simulation-0.0.0-py3.10.egg-info/PKG-INFO
/home/mkbardi/sem_ws/install/shell_simulation/lib/python3.10/site-packages/shell_simulation-0.0.0-py3.10.egg-info/SOURCES.txt
/home/mkbardi/sem_ws/install/shell_simulation/lib/python3.10/site-packages/shell_simulation-0.0.0-py3.10.egg-info/dependency_links.txt
/home/mkbardi/sem_ws/install/shell_simulation/lib/shell_simulation/control_node
/home/mkbardi/sem_ws/install/shell_simulation/lib/shell_simulation/perception_node
/home/mkbardi/sem_ws/install/shell_simulation/lib/shell_simulation/planning_node
